<?xml version="1.0" encoding="UTF-8"?>
<!-- Generated by org.testng.reporters.JUnitReportReporter -->
<testsuite hostname="AU-MacBook-Air.local" failures="0" tests="1" name="tests.JenkinsTest01" time="8.654" errors="0" timestamp="2021-08-15T22:47:02 EET" skipped="0">
  <testcase classname="tests.JenkinsTest01" name="test01" time="8.654"/>
  <system-out/>
</testsuite> <!-- tests.JenkinsTest01 -->
